# JRE version: OpenJDK Runtime Environment (17.0.9+9) (build 17.0.9+9-Ubuntu-122.04)
# Java VM: OpenJDK 64-Bit Server VM (17.0.9+9-Ubuntu-122.04, mixed mode, sharing, tiered, compressed oops, compressed class ptrs, g1 gc, linux-amd64)
GC Precious Log:
 CPUs: 8 total, 8 available
 Memory: 7879M
 Large Page Support: Disabled
 NUMA Support: Disabled
 Compressed Oops: Enabled (32-bit)
 Heap Region Size: 1M
 Heap Min Capacity: 8M
 Heap Initial Capacity: 124M
 Heap Max Capacity: 1970M
 Pre-touch: Disabled
 Parallel Workers: 8
 Concurrent Workers: 2
 Concurrent Refinement Workers: 8
 Periodic GC: Disabled
Heap:
 garbage-first heap   total 89088K, used 57315K [0x0000000084e00000, 0x0000000100000000)
  region size 1024K, 27 young (27648K), 5 survivors (5120K)
 Metaspace       used 77533K, committed 78208K, reserved 1179648K
  class space    used 10838K, committed 11136K, reserved 1048576K
GC Heap History (20 events):
Event: 7.600 GC heap before
{Heap before GC invocations=7 (full 0):
 garbage-first heap   total 61440K, used 41197K [0x0000000084e00000, 0x0000000100000000)
  region size 1024K, 24 young (24576K), 4 survivors (4096K)
 Metaspace       used 35546K, committed 35968K, reserved 1114112K
  class space    used 4568K, committed 4800K, reserved 1048576K
}
Event: 7.619 GC heap after
{Heap after GC invocations=8 (full 0):
 garbage-first heap   total 61440K, used 23563K [0x0000000084e00000, 0x0000000100000000)
  region size 1024K, 2 young (2048K), 2 survivors (2048K)
 Metaspace       used 35546K, committed 35968K, reserved 1114112K
  class space    used 4568K, committed 4800K, reserved 1048576K
}
Event: 8.550 GC heap before
{Heap before GC invocations=9 (full 0):
 garbage-first heap   total 61440K, used 45067K [0x0000000084e00000, 0x0000000100000000)
  region size 1024K, 23 young (23552K), 2 survivors (2048K)
 Metaspace       used 41051K, committed 41472K, reserved 1114112K
  class space    used 5378K, committed 5568K, reserved 1048576K
}
Event: 8.565 GC heap after
{Heap after GC invocations=10 (full 0):
 garbage-first heap   total 73728K, used 24878K [0x0000000084e00000, 0x0000000100000000)
  region size 1024K, 2 young (2048K), 2 survivors (2048K)
 Metaspace       used 41051K, committed 41472K, reserved 1114112K
  class space    used 5378K, committed 5568K, reserved 1048576K
}
Event: 9.481 GC heap before
{Heap before GC invocations=10 (full 0):
 garbage-first heap   total 73728K, used 53550K [0x0000000084e00000, 0x0000000100000000)
  region size 1024K, 30 young (30720K), 2 survivors (2048K)
 Metaspace       used 47742K, committed 48128K, reserved 1114112K
  class space    used 6372K, committed 6528K, reserved 1048576K
}
Event: 9.489 GC heap after
{Heap after GC invocations=11 (full 0):
 garbage-first heap   total 73728K, used 26162K [0x0000000084e00000, 0x0000000100000000)
  region size 1024K, 3 young (3072K), 3 survivors (3072K)
 Metaspace       used 47742K, committed 48128K, reserved 1114112K
  class space    used 6372K, committed 6528K, reserved 1048576K
}
Event: 10.577 GC heap before
{Heap before GC invocations=11 (full 0):
 garbage-first heap   total 73728K, used 54834K [0x0000000084e00000, 0x0000000100000000)
  region size 1024K, 31 young (31744K), 3 survivors (3072K)
 Metaspace       used 55369K, committed 55808K, reserved 1114112K
  class space    used 7625K, committed 7808K, reserved 1048576K
}
Event: 10.583 GC heap after
{Heap after GC invocations=12 (full 0):
 garbage-first heap   total 73728K, used 27188K [0x0000000084e00000, 0x0000000100000000)
  region size 1024K, 3 young (3072K), 3 survivors (3072K)
 Metaspace       used 55369K, committed 55808K, reserved 1114112K
  class space    used 7625K, committed 7808K, reserved 1048576K
}
Event: 11.303 GC heap before
{Heap before GC invocations=12 (full 0):
 garbage-first heap   total 73728K, used 55860K [0x0000000084e00000, 0x0000000100000000)
  region size 1024K, 31 young (31744K), 3 survivors (3072K)
 Metaspace       used 59339K, committed 59840K, reserved 1114112K
  class space    used 8194K, committed 8448K, reserved 1048576K
}
Event: 11.312 GC heap after
{Heap after GC invocations=13 (full 0):
 garbage-first heap   total 73728K, used 28732K [0x0000000084e00000, 0x0000000100000000)
  region size 1024K, 3 young (3072K), 3 survivors (3072K)
 Metaspace       used 59339K, committed 59840K, reserved 1114112K
  class space    used 8194K, committed 8448K, reserved 1048576K
}
Event: 11.365 GC heap before
{Heap before GC invocations=13 (full 0):
 garbage-first heap   total 73728K, used 29756K [0x0000000084e00000, 0x0000000100000000)
  region size 1024K, 5 young (5120K), 3 survivors (3072K)
 Metaspace       used 59764K, committed 60288K, reserved 1114112K
  class space    used 8245K, committed 8512K, reserved 1048576K
}
Event: 11.371 GC heap after
{Heap after GC invocations=14 (full 0):
 garbage-first heap   total 73728K, used 28988K [0x0000000084e00000, 0x0000000100000000)
  region size 1024K, 2 young (2048K), 2 survivors (2048K)
 Metaspace       used 59764K, committed 60288K, reserved 1114112K
  class space    used 8245K, committed 8512K, reserved 1048576K
}
Event: 12.160 GC heap before
{Heap before GC invocations=15 (full 0):
 garbage-first heap   total 73728K, used 55612K [0x0000000084e00000, 0x0000000100000000)
  region size 1024K, 28 young (28672K), 2 survivors (2048K)
 Metaspace       used 61198K, committed 61696K, reserved 1114112K
  class space    used 8525K, committed 8768K, reserved 1048576K
}
Event: 12.168 GC heap after
{Heap after GC invocations=16 (full 0):
 garbage-first heap   total 73728K, used 30116K [0x0000000084e00000, 0x0000000100000000)
  region size 1024K, 3 young (3072K), 3 survivors (3072K)
 Metaspace       used 61198K, committed 61696K, reserved 1114112K
  class space    used 8525K, committed 8768K, reserved 1048576K
}
Event: 12.974 GC heap before
{Heap before GC invocations=16 (full 0):
 garbage-first heap   total 73728K, used 54692K [0x0000000084e00000, 0x0000000100000000)
  region size 1024K, 28 young (28672K), 3 survivors (3072K)
 Metaspace       used 63245K, committed 63744K, reserved 1114112K
  class space    used 8817K, committed 9024K, reserved 1048576K
}
Event: 12.993 GC heap after
{Heap after GC invocations=17 (full 0):
 garbage-first heap   total 73728K, used 31614K [0x0000000084e00000, 0x0000000100000000)
  region size 1024K, 3 young (3072K), 3 survivors (3072K)
 Metaspace       used 63245K, committed 63744K, reserved 1114112K
  class space    used 8817K, committed 9024K, reserved 1048576K
}
Event: 13.890 GC heap before
{Heap before GC invocations=17 (full 0):
 garbage-first heap   total 73728K, used 56190K [0x0000000084e00000, 0x0000000100000000)
  region size 1024K, 28 young (28672K), 3 survivors (3072K)
 Metaspace       used 66165K, committed 66752K, reserved 1114112K
  class space    used 9243K, committed 9472K, reserved 1048576K
}
Event: 13.903 GC heap after
{Heap after GC invocations=18 (full 0):
 garbage-first heap   total 89088K, used 33407K [0x0000000084e00000, 0x0000000100000000)
  region size 1024K, 4 young (4096K), 4 survivors (4096K)
 Metaspace       used 66165K, committed 66752K, reserved 1114112K
  class space    used 9243K, committed 9472K, reserved 1048576K
}
Event: 15.334 GC heap before
{Heap before GC invocations=18 (full 0):
 garbage-first heap   total 89088K, used 69247K [0x0000000084e00000, 0x0000000100000000)
  region size 1024K, 40 young (40960K), 4 survivors (4096K)
 Metaspace       used 72238K, committed 72896K, reserved 1114112K
  class space    used 10156K, committed 10432K, reserved 1048576K
}
Event: 15.351 GC heap after
{Heap after GC invocations=19 (full 0):
 garbage-first heap   total 89088K, used 35811K [0x0000000084e00000, 0x0000000100000000)
  region size 1024K, 5 young (5120K), 5 survivors (5120K)
 Metaspace       used 72238K, committed 72896K, reserved 1114112K
  class space    used 10156K, committed 10432K, reserved 1048576K
}

